This is pdfTeX, Version 3.1415926-2.3-1.40.12 (TeX Live 2011) (format=pdflatex 2011.7.3)  3 DEC 2014 22:35
entering extended mode
 restricted \write18 enabled.
 %&-line parsing enabled.
**CompiledPaper.tex
(./CompiledPaper.tex
LaTeX2e <2009/09/24>
Babel <v3.8l> and hyphenation patterns for english, dumylang, nohyphenation, ge
rman-x-2009-06-19, ngerman-x-2009-06-19, afrikaans, ancientgreek, ibycus, arabi
c, armenian, basque, bulgarian, catalan, pinyin, coptic, croatian, czech, danis
h, dutch, ukenglish, usenglishmax, esperanto, estonian, ethiopic, farsi, finnis
h, french, galician, german, ngerman, swissgerman, monogreek, greek, hungarian,
 icelandic, assamese, bengali, gujarati, hindi, kannada, malayalam, marathi, or
iya, panjabi, tamil, telugu, indonesian, interlingua, irish, italian, kurmanji,
 lao, latin, latvian, lithuanian, mongolian, mongolianlmc, bokmal, nynorsk, pol
ish, portuguese, romanian, russian, sanskrit, serbian, serbianc, slovak, sloven
ian, spanish, swedish, turkish, turkmen, ukrainian, uppersorbian, welsh, loaded
.
(/usr/local/texlive/2011/texmf-dist/tex/latex/base/article.cls
Document Class: article 2007/10/19 v1.4h Standard LaTeX document class
(/usr/local/texlive/2011/texmf-dist/tex/latex/base/size11.clo
File: size11.clo 2007/10/19 v1.4h Standard LaTeX file (size option)
)
\c@part=\count79
\c@section=\count80
\c@subsection=\count81
\c@subsubsection=\count82
\c@paragraph=\count83
\c@subparagraph=\count84
\c@figure=\count85
\c@table=\count86
\abovecaptionskip=\skip41
\belowcaptionskip=\skip42
\bibindent=\dimen102
)
(/usr/local/texlive/2011/texmf-dist/tex/latex/geometry/geometry.sty
Package: geometry 2010/09/12 v5.6 Page Geometry

(/usr/local/texlive/2011/texmf-dist/tex/latex/graphics/keyval.sty
Package: keyval 1999/03/16 v1.13 key=value parser (DPC)
\KV@toks@=\toks14
)
(/usr/local/texlive/2011/texmf-dist/tex/generic/oberdiek/ifpdf.sty
Package: ifpdf 2011/01/30 v2.3 Provides the ifpdf switch (HO)
Package ifpdf Info: pdfTeX in PDF mode is detected.
)
(/usr/local/texlive/2011/texmf-dist/tex/generic/oberdiek/ifvtex.sty
Package: ifvtex 2010/03/01 v1.5 Switches for detecting VTeX and its modes (HO)
Package ifvtex Info: VTeX not detected.
)
(/usr/local/texlive/2011/texmf-dist/tex/generic/ifxetex/ifxetex.sty
Package: ifxetex 2010/09/12 v0.6 Provides ifxetex conditional
)
\Gm@cnth=\count87
\Gm@cntv=\count88
\c@Gm@tempcnt=\count89
\Gm@bindingoffset=\dimen103
\Gm@wd@mp=\dimen104
\Gm@odd@mp=\dimen105
\Gm@even@mp=\dimen106
\Gm@layoutwidth=\dimen107
\Gm@layoutheight=\dimen108
\Gm@layouthoffset=\dimen109
\Gm@layoutvoffset=\dimen110
\Gm@dimlist=\toks15
)
(/usr/local/texlive/2011/texmf-dist/tex/latex/graphics/graphicx.sty
Package: graphicx 1999/02/16 v1.0f Enhanced LaTeX Graphics (DPC,SPQR)

(/usr/local/texlive/2011/texmf-dist/tex/latex/graphics/graphics.sty
Package: graphics 2009/02/05 v1.0o Standard LaTeX Graphics (DPC,SPQR)

(/usr/local/texlive/2011/texmf-dist/tex/latex/graphics/trig.sty
Package: trig 1999/03/16 v1.09 sin cos tan (DPC)
)
(/usr/local/texlive/2011/texmf-dist/tex/latex/latexconfig/graphics.cfg
File: graphics.cfg 2010/04/23 v1.9 graphics configuration of TeX Live
)
Package graphics Info: Driver file: pdftex.def on input line 91.

(/usr/local/texlive/2011/texmf-dist/tex/latex/pdftex-def/pdftex.def
File: pdftex.def 2011/05/27 v0.06d Graphics/color for pdfTeX

(/usr/local/texlive/2011/texmf-dist/tex/generic/oberdiek/infwarerr.sty
Package: infwarerr 2010/04/08 v1.3 Providing info/warning/message (HO)
)
(/usr/local/texlive/2011/texmf-dist/tex/generic/oberdiek/ltxcmds.sty
Package: ltxcmds 2011/04/18 v1.20 LaTeX kernel commands for general use (HO)
)
\Gread@gobject=\count90
))
\Gin@req@height=\dimen111
\Gin@req@width=\dimen112
)
(/usr/local/texlive/2011/texmf-dist/tex/latex/fancyhdr/fancyhdr.sty
\fancy@headwidth=\skip43
\f@ncyO@elh=\skip44
\f@ncyO@erh=\skip45
\f@ncyO@olh=\skip46
\f@ncyO@orh=\skip47
\f@ncyO@elf=\skip48
\f@ncyO@erf=\skip49
\f@ncyO@olf=\skip50
\f@ncyO@orf=\skip51
)
(/usr/local/texlive/2011/texmf-dist/tex/latex/nopageno/nopageno.sty
Package: nopageno 1989/01/01 no page numbers (DPC)
)
(/usr/local/texlive/2011/texmf-dist/tex/latex/parskip/parskip.sty
Package: parskip 2001/04/09 non-zero parskip adjustments
)
(/usr/local/texlive/2011/texmf-dist/tex/latex/multirow/multirow.sty
\bigstrutjot=\dimen113
)
(/usr/local/texlive/2011/texmf-dist/tex/latex/caption/caption.sty
Package: caption 2010/01/09 v3.1m Customizing captions (AR)

(/usr/local/texlive/2011/texmf-dist/tex/latex/caption/caption3.sty
Package: caption3 2010/01/14 v3.1m caption3 kernel (AR)
\captionmargin=\dimen114
\captionmargin@=\dimen115
\captionwidth=\dimen116
\caption@indent=\dimen117
\caption@parindent=\dimen118
\caption@hangindent=\dimen119
)
\c@ContinuedFloat=\count91
)
(/usr/local/texlive/2011/texmf-dist/tex/latex/caption/subcaption.sty
Package: subcaption 2008/08/31 v1.0b Adding subcaptions (AR)
\c@subfigure=\count92
\c@subtable=\count93
)
No file CompiledPaper.aux.
\openout1 = `CompiledPaper.aux'.

LaTeX Font Info:    Checking defaults for OML/cmm/m/it on input line 12.
LaTeX Font Info:    ... okay on input line 12.
LaTeX Font Info:    Checking defaults for T1/cmr/m/n on input line 12.
LaTeX Font Info:    ... okay on input line 12.
LaTeX Font Info:    Checking defaults for OT1/cmr/m/n on input line 12.
LaTeX Font Info:    ... okay on input line 12.
LaTeX Font Info:    Checking defaults for OMS/cmsy/m/n on input line 12.
LaTeX Font Info:    ... okay on input line 12.
LaTeX Font Info:    Checking defaults for OMX/cmex/m/n on input line 12.
LaTeX Font Info:    ... okay on input line 12.
LaTeX Font Info:    Checking defaults for U/cmr/m/n on input line 12.
LaTeX Font Info:    ... okay on input line 12.
*geometry* driver: auto-detecting
*geometry* detected driver: pdftex
*geometry* verbose mode - [ preamble ] result:
* driver: pdftex
* paper: <default>
* layout: <same size as paper>
* layoutoffset:(h,v)=(0.0pt,0.0pt)
* modes: 
* h-part:(L,W,R)=(86.72377pt, 440.84746pt, 86.72377pt)
* v-part:(T,H,B)=(86.72377pt, 621.52245pt, 86.72377pt)
* \paperwidth=614.295pt
* \paperheight=794.96999pt
* \textwidth=440.84746pt
* \textheight=621.52245pt
* \oddsidemargin=14.45378pt
* \evensidemargin=14.45378pt
* \topmargin=-22.54622pt
* \headheight=12.0pt
* \headsep=25.0pt
* \topskip=11.0pt
* \footskip=30.0pt
* \marginparwidth=59.0pt
* \marginparsep=10.0pt
* \columnsep=10.0pt
* \skip\footins=10.0pt plus 4.0pt minus 2.0pt
* \hoffset=0.0pt
* \voffset=0.0pt
* \mag=1000
* \@twocolumnfalse
* \@twosidefalse
* \@mparswitchfalse
* \@reversemarginfalse
* (1in=72.27pt=25.4mm, 1cm=28.453pt)

(/usr/local/texlive/2011/texmf-dist/tex/context/base/supp-pdf.mkii
[Loading MPS to PDF converter (version 2006.09.02).]
\scratchcounter=\count94
\scratchdimen=\dimen120
\scratchbox=\box26
\nofMPsegments=\count95
\nofMParguments=\count96
\everyMPshowfont=\toks16
\MPscratchCnt=\count97
\MPscratchDim=\dimen121
\MPnumerator=\count98
\makeMPintoPDFobject=\count99
\everyMPtoPDFconversion=\toks17
) (/usr/local/texlive/2011/texmf-dist/tex/generic/oberdiek/pdftexcmds.sty
Package: pdftexcmds 2011/04/22 v0.16 Utilities of pdfTeX for LuaTeX (HO)

(/usr/local/texlive/2011/texmf-dist/tex/generic/oberdiek/ifluatex.sty
Package: ifluatex 2010/03/01 v1.3 Provides the ifluatex switch (HO)
Package ifluatex Info: LuaTeX not detected.
)
Package pdftexcmds Info: LuaTeX not detected.
Package pdftexcmds Info: \pdf@primitive is available.
Package pdftexcmds Info: \pdf@ifprimitive is available.
Package pdftexcmds Info: \pdfdraftmode found.
)
(/usr/local/texlive/2011/texmf-dist/tex/latex/oberdiek/epstopdf-base.sty
Package: epstopdf-base 2010/02/09 v2.5 Base part for package epstopdf

(/usr/local/texlive/2011/texmf-dist/tex/latex/oberdiek/grfext.sty
Package: grfext 2010/08/19 v1.1 Managing graphics extensions (HO)

(/usr/local/texlive/2011/texmf-dist/tex/generic/oberdiek/kvdefinekeys.sty
Package: kvdefinekeys 2011/04/07 v1.3 Defining keys (HO)
))
(/usr/local/texlive/2011/texmf-dist/tex/latex/oberdiek/kvoptions.sty
Package: kvoptions 2010/12/23 v3.10 Keyval support for LaTeX options (HO)

(/usr/local/texlive/2011/texmf-dist/tex/generic/oberdiek/kvsetkeys.sty
Package: kvsetkeys 2011/04/07 v1.13 Key value parser (HO)

(/usr/local/texlive/2011/texmf-dist/tex/generic/oberdiek/etexcmds.sty
Package: etexcmds 2011/02/16 v1.5 Prefix for e-TeX command names (HO)
Package etexcmds Info: Could not find \expanded.
(etexcmds)             That can mean that you are not using pdfTeX 1.50 or
(etexcmds)             that some package has redefined \expanded.
(etexcmds)             In the latter case, load this package earlier.
)))
Package grfext Info: Graphics extension search list:
(grfext)             [.png,.pdf,.jpg,.mps,.jpeg,.jbig2,.jb2,.PNG,.PDF,.JPG,.JPE
G,.JBIG2,.JB2,.eps]
(grfext)             \AppendGraphicsExtensions on input line 452.

(/usr/local/texlive/2011/texmf-dist/tex/latex/latexconfig/epstopdf-sys.cfg
File: epstopdf-sys.cfg 2010/07/13 v1.3 Configuration of (r)epstopdf for TeX Liv
e
))
Package caption Info: Begin \AtBeginDocument code.
Package caption Info: End \AtBeginDocument code.
LaTeX Font Info:    External font `cmex10' loaded for size
(Font)              <12> on input line 16.
LaTeX Font Info:    External font `cmex10' loaded for size
(Font)              <8> on input line 16.
LaTeX Font Info:    External font `cmex10' loaded for size
(Font)              <6> on input line 16.
LaTeX Font Info:    External font `cmex10' loaded for size
(Font)              <5> on input line 16.
LaTeX Font Info:    External font `cmex10' loaded for size
(Font)              <9> on input line 16.

[1

{/usr/local/texlive/2011/texmf-var/fonts/map/pdftex/updmap/pdftex.map}]
No file CompiledPaper.toc.
\tf@toc=\write3
\openout3 = `CompiledPaper.toc'.

[2]
LaTeX Font Info:    External font `cmex10' loaded for size
(Font)              <10.95> on input line 44.
LaTeX Font Info:    Try loading font information for OMS+cmr on input line 50.
 (/usr/local/texlive/2011/texmf-dist/tex/latex/base/omscmr.fd
File: omscmr.fd 1999/05/25 v2.5h Standard LaTeX font definitions
)
LaTeX Font Info:    Font shape `OMS/cmr/m/n' in size <10.95> not available
(Font)              Font shape `OMS/cmsy/m/n' tried instead on input line 50.


Package Fancyhdr Warning: \headheight is too small (12.0pt): 
 Make it at least 13.59999pt.
 We now make it that large for the rest of the document.
 This may cause the page layout to be inconsistent, however.

[1]

LaTeX Warning: Reference `fig:food01a' on page 2 undefined on input line 76.


LaTeX Warning: Reference `fig:food01b' on page 2 undefined on input line 76.

<Figures/food_AZ.png, id=24, 503.8825pt x 402.50375pt>
File: Figures/food_AZ.png Graphic file (type png)

<use Figures/food_AZ.png>
Package pdftex.def Info: Figures/food_AZ.png used on input line 82.
(pdftex.def)             Requested size: 198.38pt x 158.46826pt.

<Figures/food_NV.png, id=26, 502.87875pt x 402.50375pt>
File: Figures/food_NV.png Graphic file (type png)

<use Figures/food_NV.png>
Package pdftex.def Info: Figures/food_NV.png used on input line 87.
(pdftex.def)             Requested size: 198.38pt x 158.78148pt.


LaTeX Warning: `h' float specifier changed to `ht'.


LaTeX Warning: Reference `fig:food_res_price' on page 2 undefined on input line
 95.

[2] <Figures/food_res_price.jpeg, id=30, 622.325pt x 420.57124pt>
File: Figures/food_res_price.jpeg Graphic file (type jpg)

<use Figures/food_res_price.jpeg>
Package pdftex.def Info: Figures/food_res_price.jpeg used on input line 102.
(pdftex.def)             Requested size: 308.59187pt x 208.54599pt.


LaTeX Warning: Reference `fig:food_res_stars' on page 3 undefined on input line
 106.

[3 <./Figures/food_AZ.png> <./Figures/food_NV.png> <./Figures/food_res_price.jp
eg>] <Figures/food_res_stars.jpeg, id=36, 622.325pt x 420.57124pt>
File: Figures/food_res_stars.jpeg Graphic file (type jpg)

<use Figures/food_res_stars.jpeg>
Package pdftex.def Info: Figures/food_res_stars.jpeg used on input line 111.
(pdftex.def)             Requested size: 308.59187pt x 208.54599pt.


LaTeX Warning: Reference `fig:food_res_3' on page 4 undefined on input line 115
.

<Figures/food_res_3.jpeg, id=37, 622.325pt x 420.57124pt>
File: Figures/food_res_3.jpeg Graphic file (type jpg)

<use Figures/food_res_3.jpeg>
Package pdftex.def Info: Figures/food_res_3.jpeg used on input line 120.
(pdftex.def)             Requested size: 352.6793pt x 238.34195pt.


LaTeX Warning: Reference `fig:food_noise' on page 4 undefined on input line 128
.

<Figures/food_noise.jpeg, id=38, 622.325pt x 420.57124pt>
File: Figures/food_noise.jpeg Graphic file (type jpg)

<use Figures/food_noise.jpeg>
Package pdftex.def Info: Figures/food_noise.jpeg used on input line 133.
(pdftex.def)             Requested size: 308.59187pt x 208.54599pt.
 [4 <./Figures/food_res_stars.jpeg>] [5 <./Figures/food_res_3.jpeg> <./Figures/
food_noise.jpeg>]

LaTeX Warning: Reference `fig:wordcloud_a' on page 6 undefined on input line 14
4.


LaTeX Warning: Reference `fig:wordcloud_b' on page 6 undefined on input line 14
4.

<Figures/wordcloud_top.jpeg, id=46, 622.325pt x 420.57124pt>
File: Figures/wordcloud_top.jpeg Graphic file (type jpg)

<use Figures/wordcloud_top.jpeg>
Package pdftex.def Info: Figures/wordcloud_top.jpeg used on input line 150.
(pdftex.def)             Requested size: 216.01767pt x 145.98283pt.

<Figures/wordcloud_bottom.jpeg, id=47, 622.325pt x 420.57124pt>
File: Figures/wordcloud_bottom.jpeg Graphic file (type jpg)

<use Figures/wordcloud_bottom.jpeg>
Package pdftex.def Info: Figures/wordcloud_bottom.jpeg used on input line 155.
(pdftex.def)             Requested size: 216.01767pt x 145.98283pt.

<Figures/delivery.png, id=48, 401.5pt x 301.125pt>
File: Figures/delivery.png Graphic file (type png)
 <use Figures/delivery.png>
Package pdftex.def Info: Figures/delivery.png used on input line 171.
(pdftex.def)             Requested size: 330.63559pt x 247.99467pt.

[6 <./Figures/wordcloud_top.jpeg> <./Figures/wordcloud_bottom.jpeg>]
<Figures/takeoutdelivery.png, id=52, 803.0pt x 524.96124pt>
File: Figures/takeoutdelivery.png Graphic file (type png)

<use Figures/takeoutdelivery.png>
Package pdftex.def Info: Figures/takeoutdelivery.png used on input line 177.
(pdftex.def)             Requested size: 396.76001pt x 259.38802pt.


LaTeX Warning: Reference `delivery' on page 7 undefined on input line 180.

[7 <./Figures/delivery.png> <./Figures/takeoutdelivery.png>]

LaTeX Warning: Reference `takeout' on page 8 undefined on input line 182.

<Figures/Food_bars.png, id=58, 459.7175pt x 301.125pt>
File: Figures/Food_bars.png Graphic file (type png)

<use Figures/Food_bars.png>
Package pdftex.def Info: Figures/Food_bars.png used on input line 196.
(pdftex.def)             Requested size: 330.63559pt x 216.58467pt.


LaTeX Warning: `!h' float specifier changed to `!ht'.


LaTeX Warning: Reference `food' on page 8 undefined on input line 199.

[8] <Figures/barstatus.png, id=62, 401.5pt x 301.125pt>
File: Figures/barstatus.png Graphic file (type png)

<use Figures/barstatus.png>
Package pdftex.def Info: Figures/barstatus.png used on input line 206.
(pdftex.def)             Requested size: 330.63559pt x 247.99467pt.


LaTeX Warning: `!h' float specifier changed to `!ht'.

[9 <./Figures/Food_bars.png>]
<Figures/tvhappyhour.png, id=67, 401.5pt x 301.125pt>
File: Figures/tvhappyhour.png Graphic file (type png)

<use Figures/tvhappyhour.png>
Package pdftex.def Info: Figures/tvhappyhour.png used on input line 215.
(pdftex.def)             Requested size: 220.42372pt x 165.32059pt.

<Figures/tvdancing.png, id=68, 401.5pt x 301.125pt>
File: Figures/tvdancing.png Graphic file (type png)

<use Figures/tvdancing.png>
Package pdftex.def Info: Figures/tvdancing.png used on input line 221.
(pdftex.def)             Requested size: 220.42372pt x 165.32059pt.


LaTeX Warning: Reference `happy' on page 10 undefined on input line 234.


LaTeX Warning: Reference `dance' on page 10 undefined on input line 234.

[10 <./Figures/barstatus.png>]
Missing character: There is no ‚ in font cmr10!
Missing character: There is no Ä in font cmr10!
Missing character: There is no ú in font cmr10!
Missing character: There is no ‚ in font cmr10!
Missing character: There is no Ä in font cmr10!
Missing character: There is no ù in font cmr10!
Missing character: There is no ‚ in font cmr10!
Missing character: There is no Ä in font cmr10!
Missing character: There is no ô in font cmr10!

<Figures/hotels1.jpeg, id=73, 620.3175pt x 356.33125pt>
File: Figures/hotels1.jpeg Graphic file (type jpg)

<use Figures/hotels1.jpeg>
Package pdftex.def Info: Figures/hotels1.jpeg used on input line 250.
(pdftex.def)             Requested size: 220.42372pt x 126.61537pt.


LaTeX Warning: `!h' float specifier changed to `!ht'.

[11 <./Figures/tvhappyhour.png> <./Figures/tvdancing.png>]
<Figures/hotels2.jpeg, id=80, 620.3175pt x 401.5pt>
File: Figures/hotels2.jpeg Graphic file (type jpg)
 <use Figures/hotels2.jpeg>
Package pdftex.def Info: Figures/hotels2.jpeg used on input line 259.
(pdftex.def)             Requested size: 220.42372pt x 142.6652pt.
Missing character: There is no ‚ in font cmr10!
Missing character: There is no Ä in font cmr10!
Missing character: There is no ú in font cmr10!
Missing character: There is no ‚ in font cmr10!
Missing character: There is no Ä in font cmr10!
Missing character: There is no ù in font cmr10!

<Figures/hotels3.jpeg, id=81, 652.4375pt x 401.5pt>
File: Figures/hotels3.jpeg Graphic file (type jpg)
 <use Figures/hotels3.jpeg>
Package pdftex.def Info: Figures/hotels3.jpeg used on input line 268.
(pdftex.def)             Requested size: 220.42372pt x 135.64436pt.


LaTeX Warning: `!h' float specifier changed to `!ht'.

Missing character: There is no ‚ in font cmr10!
Missing character: There is no Ä in font cmr10!
Missing character: There is no ú in font cmr10!
Missing character: There is no ‚ in font cmr10!
Missing character: There is no Ä in font cmr10!
Missing character: There is no ù in font cmr10!
[12 <./Figures/hotels1.jpeg> <./Figures/hotels2.jpeg>]
<Figures/shopping1.jpeg, id=85, 620.3175pt x 356.33125pt>
File: Figures/shopping1.jpeg Graphic file (type jpg)

<use Figures/shopping1.jpeg>
Package pdftex.def Info: Figures/shopping1.jpeg used on input line 281.
(pdftex.def)             Requested size: 220.42372pt x 126.61537pt.

<Figures/shopping2.jpeg, id=86, 620.3175pt x 401.5pt>
File: Figures/shopping2.jpeg Graphic file (type jpg)

<use Figures/shopping2.jpeg>
Package pdftex.def Info: Figures/shopping2.jpeg used on input line 290.
(pdftex.def)             Requested size: 220.42372pt x 142.6652pt.


LaTeX Warning: `!h' float specifier changed to `!ht'.

[13 <./Figures/hotels3.jpeg> <./Figures/shopping1.jpeg>]
<Figures/shopping3.jpeg, id=90, 652.4375pt x 401.5pt>
File: Figures/shopping3.jpeg Graphic file (type jpg)

<use Figures/shopping3.jpeg>
Package pdftex.def Info: Figures/shopping3.jpeg used on input line 299.
(pdftex.def)             Requested size: 220.42372pt x 135.64436pt.
 [14 <./Figures/shopping2.jpeg> <./Figures/shopping3.jpeg>] [15] (./CompiledPap
er.aux)

LaTeX Warning: There were undefined references.


LaTeX Warning: Label(s) may have changed. Rerun to get cross-references right.

 ) 
Here is how much of TeX's memory you used:
 3259 strings out of 493633
 51448 string characters out of 3143378
 117810 words of memory out of 3000000
 6509 multiletter control sequences out of 15000+200000
 10031 words of font info for 35 fonts, out of 3000000 for 9000
 831 hyphenation exceptions out of 8191
 38i,11n,43p,1575b,438s stack positions out of 5000i,500n,10000p,200000b,50000s
</usr/local/texlive/2011/texmf-dist/fonts/type1/public/amsfonts/cm/cmbx10.pfb
></usr/local/texlive/2011/texmf-dist/fonts/type1/public/amsfonts/cm/cmbx12.pfb>
</usr/local/texlive/2011/texmf-dist/fonts/type1/public/amsfonts/cm/cmmi9.pfb></
usr/local/texlive/2011/texmf-dist/fonts/type1/public/amsfonts/cm/cmr10.pfb></us
r/local/texlive/2011/texmf-dist/fonts/type1/public/amsfonts/cm/cmr12.pfb></usr/
local/texlive/2011/texmf-dist/fonts/type1/public/amsfonts/cm/cmr17.pfb></usr/lo
cal/texlive/2011/texmf-dist/fonts/type1/public/amsfonts/cm/cmr6.pfb></usr/local
/texlive/2011/texmf-dist/fonts/type1/public/amsfonts/cm/cmr8.pfb></usr/local/te
xlive/2011/texmf-dist/fonts/type1/public/amsfonts/cm/cmr9.pfb></usr/local/texli
ve/2011/texmf-dist/fonts/type1/public/amsfonts/cm/cmsy10.pfb></usr/local/texliv
e/2011/texmf-dist/fonts/type1/public/amsfonts/cm/cmsy6.pfb></usr/local/texlive/
2011/texmf-dist/fonts/type1/public/amsfonts/cm/cmsy8.pfb>
Output written on CompiledPaper.pdf (17 pages, 1421097 bytes).
PDF statistics:
 136 PDF objects out of 1000 (max. 8388607)
 76 compressed objects within 1 object stream
 0 named destinations out of 1000 (max. 500000)
 101 words of extra memory for PDF output out of 10000 (max. 10000000)

