This is pdfTeX, Version 3.1415926-2.4-1.40.13 (MiKTeX 2.9 64-bit) (preloaded format=pdflatex 2013.6.30)  17 DEC 2014 16:24
entering extended mode
**C:/Users/Linton/Documents/GitHub/STAT-579-Final-Project/Paper/MyPaper.tex
(C:/Users/Linton/Documents/GitHub/STAT-579-Final-Project/Paper/MyPaper.tex
LaTeX2e <2011/06/27>
Babel <v3.8m> and hyphenation patterns for english, afrikaans, ancientgreek, ar
abic, armenian, assamese, basque, bengali, bokmal, bulgarian, catalan, coptic, 
croatian, czech, danish, dutch, esperanto, estonian, farsi, finnish, french, ga
lician, german, german-x-2012-05-30, greek, gujarati, hindi, hungarian, iceland
ic, indonesian, interlingua, irish, italian, kannada, kurmanji, latin, latvian,
 lithuanian, malayalam, marathi, mongolian, mongolianlmc, monogreek, ngerman, n
german-x-2012-05-30, nynorsk, oriya, panjabi, pinyin, polish, portuguese, roman
ian, russian, sanskrit, serbian, slovak, slovenian, spanish, swedish, swissgerm
an, tamil, telugu, turkish, turkmen, ukenglish, ukrainian, uppersorbian, usengl
ishmax, welsh, loaded.
(C:\Users\Linton\Downloads\MiKTeX\tex\latex\base\article.cls
Document Class: article 2007/10/19 v1.4h Standard LaTeX document class
(C:\Users\Linton\Downloads\MiKTeX\tex\latex\base\size11.clo
File: size11.clo 2007/10/19 v1.4h Standard LaTeX file (size option)
)
\c@part=\count79
\c@section=\count80
\c@subsection=\count81
\c@subsubsection=\count82
\c@paragraph=\count83
\c@subparagraph=\count84
\c@figure=\count85
\c@table=\count86
\abovecaptionskip=\skip41
\belowcaptionskip=\skip42
\bibindent=\dimen102
)
(C:\Users\Linton\Downloads\MiKTeX\tex\latex\geometry\geometry.sty
Package: geometry 2010/09/12 v5.6 Page Geometry

(C:\Users\Linton\Downloads\MiKTeX\tex\latex\graphics\keyval.sty
Package: keyval 1999/03/16 v1.13 key=value parser (DPC)
\KV@toks@=\toks14
)
(C:\Users\Linton\Downloads\MiKTeX\tex\generic\oberdiek\ifpdf.sty
Package: ifpdf 2011/01/30 v2.3 Provides the ifpdf switch (HO)
Package ifpdf Info: pdfTeX in PDF mode is detected.
)
(C:\Users\Linton\Downloads\MiKTeX\tex\generic\oberdiek\ifvtex.sty
Package: ifvtex 2010/03/01 v1.5 Detect VTeX and its facilities (HO)
Package ifvtex Info: VTeX not detected.
)
(C:\Users\Linton\Downloads\MiKTeX\tex\generic\ifxetex\ifxetex.sty
Package: ifxetex 2010/09/12 v0.6 Provides ifxetex conditional
)
\Gm@cnth=\count87
\Gm@cntv=\count88
\c@Gm@tempcnt=\count89
\Gm@bindingoffset=\dimen103
\Gm@wd@mp=\dimen104
\Gm@odd@mp=\dimen105
\Gm@even@mp=\dimen106
\Gm@layoutwidth=\dimen107
\Gm@layoutheight=\dimen108
\Gm@layouthoffset=\dimen109
\Gm@layoutvoffset=\dimen110
\Gm@dimlist=\toks15

(C:\Users\Linton\Downloads\MiKTeX\tex\latex\geometry\geometry.cfg))
(C:\Users\Linton\Downloads\MiKTeX\tex\latex\graphics\graphicx.sty
Package: graphicx 1999/02/16 v1.0f Enhanced LaTeX Graphics (DPC,SPQR)

(C:\Users\Linton\Downloads\MiKTeX\tex\latex\graphics\graphics.sty
Package: graphics 2009/02/05 v1.0o Standard LaTeX Graphics (DPC,SPQR)

(C:\Users\Linton\Downloads\MiKTeX\tex\latex\graphics\trig.sty
Package: trig 1999/03/16 v1.09 sin cos tan (DPC)
)
(C:\Users\Linton\Downloads\MiKTeX\tex\latex\00miktex\graphics.cfg
File: graphics.cfg 2007/01/18 v1.5 graphics configuration of teTeX/TeXLive
)
Package graphics Info: Driver file: pdftex.def on input line 91.

(C:\Users\Linton\Downloads\MiKTeX\tex\latex\pdftex-def\pdftex.def
File: pdftex.def 2011/05/27 v0.06d Graphics/color for pdfTeX

(C:\Users\Linton\Downloads\MiKTeX\tex\generic\oberdiek\infwarerr.sty
Package: infwarerr 2010/04/08 v1.3 Providing info/warning/error messages (HO)
)
(C:\Users\Linton\Downloads\MiKTeX\tex\generic\oberdiek\ltxcmds.sty
Package: ltxcmds 2011/11/09 v1.22 LaTeX kernel commands for general use (HO)
)
\Gread@gobject=\count90
))
\Gin@req@height=\dimen111
\Gin@req@width=\dimen112
)
(C:\Users\Linton\Downloads\MiKTeX\tex\latex\fancyhdr\fancyhdr.sty
\fancy@headwidth=\skip43
\f@ncyO@elh=\skip44
\f@ncyO@erh=\skip45
\f@ncyO@olh=\skip46
\f@ncyO@orh=\skip47
\f@ncyO@elf=\skip48
\f@ncyO@erf=\skip49
\f@ncyO@olf=\skip50
\f@ncyO@orf=\skip51
)
(C:\Users\Linton\Downloads\MiKTeX\tex\latex\nopageno\nopageno.sty
Package: nopageno 1989/01/01 no page numbers (DPC)
)
(C:\Users\Linton\Downloads\MiKTeX\tex\latex\ltxmisc\parskip.sty
Package: parskip 2001/04/09 non-zero parskip adjustments
)
(C:\Users\Linton\Downloads\MiKTeX\tex\latex\multirow\multirow.sty
\bigstrutjot=\dimen113
)
(C:\Users\Linton\Downloads\MiKTeX\tex\latex\caption\caption.sty
Package: caption 2013/05/02 v3.3-89 Customizing captions (AR)

(C:\Users\Linton\Downloads\MiKTeX\tex\latex\caption\caption3.sty
Package: caption3 2013/05/02 v1.6-88 caption3 kernel (AR)
Package caption3 Info: TeX engine: e-TeX on input line 57.
\captionmargin=\dimen114
\captionmargin@=\dimen115
\captionwidth=\dimen116
\caption@tempdima=\dimen117
\caption@indent=\dimen118
\caption@parindent=\dimen119
\caption@hangindent=\dimen120
)
\c@ContinuedFloat=\count91
)
(C:\Users\Linton\Downloads\MiKTeX\tex\latex\caption\subcaption.sty
Package: subcaption 2013/02/03 v1.1-62 Sub-captions (AR)
\c@subfigure=\count92
\c@subtable=\count93
)
(C:\Users\Linton\Documents\GitHub\STAT-579-Final-Project\Paper\MyPaper.aux)
LaTeX Font Info:    Checking defaults for OML/cmm/m/it on input line 12.
LaTeX Font Info:    ... okay on input line 12.
LaTeX Font Info:    Checking defaults for T1/cmr/m/n on input line 12.
LaTeX Font Info:    ... okay on input line 12.
LaTeX Font Info:    Checking defaults for OT1/cmr/m/n on input line 12.
LaTeX Font Info:    ... okay on input line 12.
LaTeX Font Info:    Checking defaults for OMS/cmsy/m/n on input line 12.
LaTeX Font Info:    ... okay on input line 12.
LaTeX Font Info:    Checking defaults for OMX/cmex/m/n on input line 12.
LaTeX Font Info:    ... okay on input line 12.
LaTeX Font Info:    Checking defaults for U/cmr/m/n on input line 12.
LaTeX Font Info:    ... okay on input line 12.

*geometry* driver: auto-detecting
*geometry* detected driver: pdftex
*geometry* verbose mode - [ preamble ] result:
* driver: pdftex
* paper: <default>
* layout: <same size as paper>
* layoutoffset:(h,v)=(0.0pt,0.0pt)
* modes: 
* h-part:(L,W,R)=(86.72377pt, 440.84746pt, 86.72377pt)
* v-part:(T,H,B)=(86.72377pt, 621.52245pt, 86.72377pt)
* \paperwidth=614.295pt
* \paperheight=794.96999pt
* \textwidth=440.84746pt
* \textheight=621.52245pt
* \oddsidemargin=14.45378pt
* \evensidemargin=14.45378pt
* \topmargin=-22.54622pt
* \headheight=12.0pt
* \headsep=25.0pt
* \topskip=11.0pt
* \footskip=30.0pt
* \marginparwidth=59.0pt
* \marginparsep=10.0pt
* \columnsep=10.0pt
* \skip\footins=10.0pt plus 4.0pt minus 2.0pt
* \hoffset=0.0pt
* \voffset=0.0pt
* \mag=1000
* \@twocolumnfalse
* \@twosidefalse
* \@mparswitchfalse
* \@reversemarginfalse
* (1in=72.27pt=25.4mm, 1cm=28.453pt)

(C:\Users\Linton\Downloads\MiKTeX\tex\context\base\supp-pdf.mkii
[Loading MPS to PDF converter (version 2006.09.02).]
\scratchcounter=\count94
\scratchdimen=\dimen121
\scratchbox=\box26
\nofMPsegments=\count95
\nofMParguments=\count96
\everyMPshowfont=\toks16
\MPscratchCnt=\count97
\MPscratchDim=\dimen122
\MPnumerator=\count98
\makeMPintoPDFobject=\count99
\everyMPtoPDFconversion=\toks17
)
Package caption Info: Begin \AtBeginDocument code.
Package caption Info: End \AtBeginDocument code.
LaTeX Font Info:    External font `cmex10' loaded for size
(Font)              <12> on input line 37.
LaTeX Font Info:    External font `cmex10' loaded for size
(Font)              <8> on input line 37.
LaTeX Font Info:    External font `cmex10' loaded for size
(Font)              <6> on input line 37.
 [1

{C:/Users/Linton/AppData/Local/MiKTeX/2.9/pdftex/config/pdftex.map}]
(C:\Users\Linton\Documents\GitHub\STAT-579-Final-Project\Paper\MyPaper.toc
LaTeX Font Info:    External font `cmex10' loaded for size
(Font)              <10.95> on input line 4.
)
\tf@toc=\write3

[2]
LaTeX Font Info:    External font `cmex10' loaded for size
(Font)              <9> on input line 66.
LaTeX Font Info:    External font `cmex10' loaded for size
(Font)              <5> on input line 66.


Package Fancyhdr Warning: \headheight is too small (12.0pt): 
 Make it at least 13.59999pt.
 We now make it that large for the rest of the document.
 This may cause the page layout to be inconsistent, however.

[1]
LaTeX Font Info:    Try loading font information for OMS+cmr on input line 91.
 (C:\Users\Linton\Downloads\MiKTeX\tex\latex\base\omscmr.fd
File: omscmr.fd 1999/05/25 v2.5h Standard LaTeX font definitions
)
LaTeX Font Info:    Font shape `OMS/cmr/m/n' in size <10.95> not available
(Font)              Font shape `OMS/cmsy/m/n' tried instead on input line 91.
 [2]
<Figures/food_AZ.png, id=25, 503.8825pt x 402.50375pt>
File: Figures/food_AZ.png Graphic file (type png)

<use Figures/food_AZ.png>
Package pdftex.def Info: Figures/food_AZ.png used on input line 123.
(pdftex.def)             Requested size: 198.38pt x 158.46826pt.

<Figures/food_NV.png, id=27, 502.87875pt x 402.50375pt>
File: Figures/food_NV.png Graphic file (type png)

<use Figures/food_NV.png>
Package pdftex.def Info: Figures/food_NV.png used on input line 128.
(pdftex.def)             Requested size: 198.38pt x 158.78148pt.
 [3 <C:/Users/Linton/Documents/GitHub/STAT-579-Final-Project/Paper/Figures/food
_AZ.png> <C:/Users/Linton/Documents/GitHub/STAT-579-Final-Project/Paper/Figures
/food_NV.png>]
<Figures/food_res_price.jpeg, id=33, 604.2575pt x 420.57124pt>
File: Figures/food_res_price.jpeg Graphic file (type jpg)

<use Figures/food_res_price.jpeg>
Package pdftex.def Info: Figures/food_res_price.jpeg used on input line 143.
(pdftex.def)             Requested size: 308.59187pt x 214.78369pt.

<Figures/food_res_stars.jpeg, id=34, 604.2575pt x 420.57124pt>
File: Figures/food_res_stars.jpeg Graphic file (type jpg)

<use Figures/food_res_stars.jpeg>
Package pdftex.def Info: Figures/food_res_stars.jpeg used on input line 152.
(pdftex.def)             Requested size: 308.59187pt x 214.78369pt.


LaTeX Warning: `h' float specifier changed to `ht'.

[4 <C:/Users/Linton/Documents/GitHub/STAT-579-Final-Project/Paper/Figures/food_
res_price.jpeg>] <Figures/food_res_3.jpeg, id=38, 604.2575pt x 420.57124pt>
File: Figures/food_res_3.jpeg Graphic file (type jpg)

<use Figures/food_res_3.jpeg>
Package pdftex.def Info: Figures/food_res_3.jpeg used on input line 161.
(pdftex.def)             Requested size: 352.6793pt x 245.47166pt.

<Figures/food_noise.jpeg, id=39, 622.325pt x 420.57124pt>
File: Figures/food_noise.jpeg Graphic file (type jpg)

<use Figures/food_noise.jpeg>
Package pdftex.def Info: Figures/food_noise.jpeg used on input line 174.
(pdftex.def)             Requested size: 308.59187pt x 208.54599pt.
 [5 <C:/Users/Linton/Documents/GitHub/STAT-579-Final-Project/Paper/Figures/food
_res_stars.jpeg>] [6 <C:/Users/Linton/Documents/GitHub/STAT-579-Final-Project/P
aper/Figures/food_res_3.jpeg> <C:/Users/Linton/Documents/GitHub/STAT-579-Final-
Project/Paper/Figures/food_noise.jpeg>]
<Figures/wordcloud_top.jpeg, id=47, 622.325pt x 420.57124pt>
File: Figures/wordcloud_top.jpeg Graphic file (type jpg)

<use Figures/wordcloud_top.jpeg>
Package pdftex.def Info: Figures/wordcloud_top.jpeg used on input line 191.
(pdftex.def)             Requested size: 216.01767pt x 145.98283pt.

<Figures/wordcloud_bottom.jpeg, id=48, 622.325pt x 420.57124pt>
File: Figures/wordcloud_bottom.jpeg Graphic file (type jpg)

<use Figures/wordcloud_bottom.jpeg>
Package pdftex.def Info: Figures/wordcloud_bottom.jpeg used on input line 196.
(pdftex.def)             Requested size: 216.01767pt x 145.98283pt.

<Figures/delivery.png, id=49, 401.5pt x 301.125pt>
File: Figures/delivery.png Graphic file (type png)
 <use Figures/delivery.png>
Package pdftex.def Info: Figures/delivery.png used on input line 212.
(pdftex.def)             Requested size: 330.63559pt x 247.99467pt.


LaTeX Warning: `!h' float specifier changed to `!ht'.

<Figures/takeoutdelivery.png, id=50, 869.2475pt x 352.31625pt>
File: Figures/takeoutdelivery.png Graphic file (type png)

<use Figures/takeoutdelivery.png>
Package pdftex.def Info: Figures/takeoutdelivery.png used on input line 218.
(pdftex.def)             Requested size: 396.76001pt x 160.81485pt.


LaTeX Warning: `!h' float specifier changed to `!ht'.

[7 <C:/Users/Linton/Documents/GitHub/STAT-579-Final-Project/Paper/Figures/wordc
loud_top.jpeg> <C:/Users/Linton/Documents/GitHub/STAT-579-Final-Project/Paper/F
igures/wordcloud_bottom.jpeg>] [8 <C:/Users/Linton/Documents/GitHub/STAT-579-Fi
nal-Project/Paper/Figures/delivery.png> <C:/Users/Linton/Documents/GitHub/STAT-
579-Final-Project/Paper/Figures/takeoutdelivery.png>]
<Figures/Food_bars.png, id=59, 679.53876pt x 343.2825pt>
File: Figures/Food_bars.png Graphic file (type png)

<use Figures/Food_bars.png>
Package pdftex.def Info: Figures/Food_bars.png used on input line 237.
(pdftex.def)             Requested size: 330.63559pt x 167.02608pt.
 [9 <C:/Users/Linton/Documents/GitHub/STAT-579-Final-Project/Paper/Figures/Food
_bars.png>]
<Figures/barstatus.png, id=64, 427.5975pt x 298.11375pt>
File: Figures/barstatus.png Graphic file (type png)

<use Figures/barstatus.png>
Package pdftex.def Info: Figures/barstatus.png used on input line 247.
(pdftex.def)             Requested size: 330.63559pt x 230.51265pt.
 [10 <C:/Users/Linton/Documents/GitHub/STAT-579-Final-Project/Paper/Figures/bar
status.png>]
<Figures/tvhappyhour.png, id=69, 427.5975pt x 298.11375pt>
File: Figures/tvhappyhour.png Graphic file (type png)

<use Figures/tvhappyhour.png>
Package pdftex.def Info: Figures/tvhappyhour.png used on input line 256.
(pdftex.def)             Requested size: 220.42372pt x 153.67358pt.

<Figures/tvdancing.png, id=70, 427.5975pt x 298.11375pt>
File: Figures/tvdancing.png Graphic file (type png)

<use Figures/tvdancing.png>
Package pdftex.def Info: Figures/tvdancing.png used on input line 262.
(pdftex.def)             Requested size: 220.42372pt x 153.67358pt.
Missing character: There is no ‚ in font cmr10!
Missing character: There is no Ä in font cmr10!
Missing character: There is no ú in font cmr10!
Missing character: There is no ‚ in font cmr10!
Missing character: There is no Ä in font cmr10!
Missing character: There is no ù in font cmr10!
 [11 <C:/Users/Linton/Documents/GitHub/STAT-579-Final-Project/Paper/Figures/tvh
appyhour.png> <C:/Users/Linton/Documents/GitHub/STAT-579-Final-Project/Paper/Fi
gures/tvdancing.png>]
Missing character: There is no ‚ in font cmr10!
Missing character: There is no Ä in font cmr10!
Missing character: There is no ô in font cmr10!

<Figures/hotels1.jpeg, id=77, 602.25pt x 351.3125pt>
File: Figures/hotels1.jpeg Graphic file (type jpg)

<use Figures/hotels1.jpeg>
Package pdftex.def Info: Figures/hotels1.jpeg used on input line 293.
(pdftex.def)             Requested size: 220.42372pt x 128.5791pt.

<Figures/hotels2.jpeg, id=78, 602.25pt x 351.3125pt>
File: Figures/hotels2.jpeg Graphic file (type jpg)

<use Figures/hotels2.jpeg>
Package pdftex.def Info: Figures/hotels2.jpeg used on input line 304.
(pdftex.def)             Requested size: 220.42372pt x 128.5791pt.


LaTeX Warning: `!h' float specifier changed to `!ht'.

Missing character: There is no ‚ in font cmr10!
Missing character: There is no Ä in font cmr10!
Missing character: There is no ú in font cmr10!
Missing character: There is no ‚ in font cmr10!
Missing character: There is no Ä in font cmr10!
Missing character: There is no ù in font cmr10!
[12 <C:/Users/Linton/Documents/GitHub/STAT-579-Final-Project/Paper/Figures/hote
ls1.jpeg>]
Missing character: There is no ‚ in font cmr10!
Missing character: There is no Ä in font cmr10!
Missing character: There is no ú in font cmr10!
Missing character: There is no ‚ in font cmr10!
Missing character: There is no Ä in font cmr10!
Missing character: There is no ù in font cmr10!
 <Figures/shopping1.jpeg, id=82, 602.25pt x 351.3125pt>
File: Figures/shopping1.jpeg Graphic file (type jpg)

<use Figures/shopping1.jpeg>
Package pdftex.def Info: Figures/shopping1.jpeg used on input line 323.
(pdftex.def)             Requested size: 220.42372pt x 128.5791pt.


LaTeX Warning: `!h' float specifier changed to `!ht'.

[13 <C:/Users/Linton/Documents/GitHub/STAT-579-Final-Project/Paper/Figures/hote
ls2.jpeg>] <Figures/shopping2.jpeg, id=86, 602.25pt x 351.3125pt>
File: Figures/shopping2.jpeg Graphic file (type jpg)

<use Figures/shopping2.jpeg>
Package pdftex.def Info: Figures/shopping2.jpeg used on input line 334.
(pdftex.def)             Requested size: 220.42372pt x 128.5791pt.
 [14 <C:/Users/Linton/Documents/GitHub/STAT-579-Final-Project/Paper/Figures/sho
pping1.jpeg> <C:/Users/Linton/Documents/GitHub/STAT-579-Final-Project/Paper/Fig
ures/shopping2.jpeg>] [15]
(C:\Users\Linton\Documents\GitHub\STAT-579-Final-Project\Paper\MyPaper.aux) ) 
Here is how much of TeX's memory you used:
 3036 strings out of 493921
 47774 string characters out of 3145274
 109787 words of memory out of 3000000
 6302 multiletter control sequences out of 15000+200000
 10507 words of font info for 37 fonts, out of 3000000 for 9000
 841 hyphenation exceptions out of 8191
 36i,11n,43p,1619b,453s stack positions out of 5000i,500n,10000p,200000b,50000s
<C
:/Users/Linton/Downloads/MiKTeX/fonts/type1/public/amsfonts/cm/cmbx10.pfb><C:/U
sers/Linton/Downloads/MiKTeX/fonts/type1/public/amsfonts/cm/cmbx12.pfb><C:/User
s/Linton/Downloads/MiKTeX/fonts/type1/public/amsfonts/cm/cmmi9.pfb><C:/Users/Li
nton/Downloads/MiKTeX/fonts/type1/public/amsfonts/cm/cmr10.pfb><C:/Users/Linton
/Downloads/MiKTeX/fonts/type1/public/amsfonts/cm/cmr12.pfb><C:/Users/Linton/Dow
nloads/MiKTeX/fonts/type1/public/amsfonts/cm/cmr17.pfb><C:/Users/Linton/Downloa
ds/MiKTeX/fonts/type1/public/amsfonts/cm/cmr6.pfb><C:/Users/Linton/Downloads/Mi
KTeX/fonts/type1/public/amsfonts/cm/cmr8.pfb><C:/Users/Linton/Downloads/MiKTeX/
fonts/type1/public/amsfonts/cm/cmr9.pfb><C:/Users/Linton/Downloads/MiKTeX/fonts
/type1/public/amsfonts/cm/cmsy10.pfb><C:/Users/Linton/Downloads/MiKTeX/fonts/ty
pe1/public/amsfonts/cm/cmtt12.pfb>
Output written on MyPaper.pdf (17 pages, 1157512 bytes).
PDF statistics:
 128 PDF objects out of 1000 (max. 8388607)
 0 named destinations out of 1000 (max. 500000)
 91 words of extra memory for PDF output out of 10000 (max. 10000000)

